<?xml version="1.0" encoding="UTF-8"?>
<!-- Generated by org.testng.reporters.JUnitReportReporter -->
<testsuite skipped="0" hostname="Veenas-MacBook-Pro-2.local" name="tests.LogOnTest" tests="1" failures="0" timestamp="30 Mar 2018 16:48:39 GMT" time="4.094" errors="0">
  <testcase name="successfulLogOn" time="4.094" classname="tests.LogOnTest"/>
</testsuite> <!-- tests.LogOnTest -->
