<?xml version="1.0" encoding="UTF-8"?>
<!-- Generated by org.testng.reporters.JUnitReportReporter -->
<testsuite skipped="0" hostname="Veenas-MacBook-Pro-2.local" name="tests.LogOnTest" tests="3" failures="0" timestamp="01 Apr 2018 06:13:59 GMT" time="21.062" errors="0">
  <testcase name="successfulLogOn" time="8.036" classname="tests.LogOnTest"/>
  <testcase name="invalidUserName" time="6.944" classname="tests.LogOnTest"/>
  <testcase name="invalidPassword" time="6.082" classname="tests.LogOnTest"/>
</testsuite> <!-- tests.LogOnTest -->
