<?xml version="1.0" encoding="UTF-8"?>
<!-- Generated by org.testng.reporters.JUnitReportReporter -->
<testsuite skipped="0" hostname="Veenas-MacBook-Pro-2.local" name="tests.SearchItemTest" tests="2" failures="0" timestamp="01 Apr 2018 06:13:59 GMT" time="11.736" errors="0">
  <testcase name="verifySearchItem" time="5.072" classname="tests.SearchItemTest"/>
  <testcase name="verifyPrimeItems" time="6.664" classname="tests.SearchItemTest"/>
</testsuite> <!-- tests.SearchItemTest -->
