<?xml version="1.0" encoding="UTF-8"?>
<!-- Generated by org.testng.reporters.JUnitReportReporter -->
<testsuite skipped="0" hostname="Veenas-MacBook-Pro-2.local" name="tests.SearchItemTest" tests="1" failures="0" timestamp="30 Mar 2018 16:43:26 GMT" time="3.834" errors="0">
  <testcase name="verifySearchItem" time="3.834" classname="tests.SearchItemTest"/>
</testsuite> <!-- tests.SearchItemTest -->
